# JRE version: OpenJDK Runtime Environment Temurin-17.0.7+7 (17.0.7+7) (build 17.0.7+7)
# Java VM: OpenJDK 64-Bit Server VM Temurin-17.0.7+7 (17.0.7+7, mixed mode, emulated-client, tiered, compressed oops, compressed class ptrs, g1 gc, windows-amd64)
GC Precious Log:
 CPUs: 6 total, 6 available
 Memory: 32712M
 Large Page Support: Disabled
 NUMA Support: Disabled
 Compressed Oops: Enabled (32-bit)
 Heap Region Size: 1M
 Heap Min Capacity: 8M
 Heap Initial Capacity: 512M
 Heap Max Capacity: 1G
 Pre-touch: Disabled
 Parallel Workers: 6
 Concurrent Workers: 2
 Concurrent Refinement Workers: 6
 Periodic GC: Disabled
Heap:
 garbage-first heap   total 321536K, used 96099K [0x00000000c0000000, 0x0000000100000000)
  region size 1024K, 1 young (1024K), 0 survivors (0K)
 Metaspace       used 77759K, committed 78400K, reserved 1179648K
  class space    used 10704K, committed 10944K, reserved 1048576K
GC Heap History (20 events):
Event: 26325.410 GC heap before
{Heap before GC invocations=5924 (full 1375):
 garbage-first heap   total 321536K, used 96098K [0x00000000c0000000, 0x0000000100000000)
  region size 1024K, 1 young (1024K), 0 survivors (0K)
 Metaspace       used 77759K, committed 78400K, reserved 1179648K
  class space    used 10704K, committed 10944K, reserved 1048576K
}
Event: 26325.461 GC heap after
{Heap after GC invocations=5925 (full 1376):
 garbage-first heap   total 321536K, used 96098K [0x00000000c0000000, 0x0000000100000000)
  region size 1024K, 0 young (0K), 0 survivors (0K)
 Metaspace       used 77759K, committed 78400K, reserved 1179648K
  class space    used 10704K, committed 10944K, reserved 1048576K
}
Event: 26335.618 GC heap before
{Heap before GC invocations=5925 (full 1376):
 garbage-first heap   total 321536K, used 96098K [0x00000000c0000000, 0x0000000100000000)
  region size 1024K, 1 young (1024K), 0 survivors (0K)
 Metaspace       used 77759K, committed 78400K, reserved 1179648K
  class space    used 10704K, committed 10944K, reserved 1048576K
}
Event: 26335.669 GC heap after
{Heap after GC invocations=5926 (full 1377):
 garbage-first heap   total 321536K, used 96098K [0x00000000c0000000, 0x0000000100000000)
  region size 1024K, 0 young (0K), 0 survivors (0K)
 Metaspace       used 77759K, committed 78400K, reserved 1179648K
  class space    used 10704K, committed 10944K, reserved 1048576K
}
Event: 26345.834 GC heap before
{Heap before GC invocations=5926 (full 1377):
 garbage-first heap   total 321536K, used 96098K [0x00000000c0000000, 0x0000000100000000)
  region size 1024K, 1 young (1024K), 0 survivors (0K)
 Metaspace       used 77759K, committed 78400K, reserved 1179648K
  class space    used 10704K, committed 10944K, reserved 1048576K
}
Event: 26345.887 GC heap after
{Heap after GC invocations=5927 (full 1378):
 garbage-first heap   total 321536K, used 96098K [0x00000000c0000000, 0x0000000100000000)
  region size 1024K, 0 young (0K), 0 survivors (0K)
 Metaspace       used 77759K, committed 78400K, reserved 1179648K
  class space    used 10704K, committed 10944K, reserved 1048576K
}
Event: 26356.043 GC heap before
{Heap before GC invocations=5927 (full 1378):
 garbage-first heap   total 321536K, used 96098K [0x00000000c0000000, 0x0000000100000000)
  region size 1024K, 1 young (1024K), 0 survivors (0K)
 Metaspace       used 77759K, committed 78400K, reserved 1179648K
  class space    used 10704K, committed 10944K, reserved 1048576K
}
Event: 26356.095 GC heap after
{Heap after GC invocations=5928 (full 1379):
 garbage-first heap   total 321536K, used 96098K [0x00000000c0000000, 0x0000000100000000)
  region size 1024K, 0 young (0K), 0 survivors (0K)
 Metaspace       used 77759K, committed 78400K, reserved 1179648K
  class space    used 10704K, committed 10944K, reserved 1048576K
}
Event: 26366.267 GC heap before
{Heap before GC invocations=5928 (full 1379):
 garbage-first heap   total 321536K, used 96098K [0x00000000c0000000, 0x0000000100000000)
  region size 1024K, 1 young (1024K), 0 survivors (0K)
 Metaspace       used 77759K, committed 78400K, reserved 1179648K
  class space    used 10704K, committed 10944K, reserved 1048576K
}
Event: 26366.314 GC heap after
{Heap after GC invocations=5929 (full 1380):
 garbage-first heap   total 321536K, used 96098K [0x00000000c0000000, 0x0000000100000000)
  region size 1024K, 0 young (0K), 0 survivors (0K)
 Metaspace       used 77759K, committed 78400K, reserved 1179648K
  class space    used 10704K, committed 10944K, reserved 1048576K
}
Event: 26376.506 GC heap before
{Heap before GC invocations=5929 (full 1380):
 garbage-first heap   total 321536K, used 96098K [0x00000000c0000000, 0x0000000100000000)
  region size 1024K, 1 young (1024K), 0 survivors (0K)
 Metaspace       used 77759K, committed 78400K, reserved 1179648K
  class space    used 10704K, committed 10944K, reserved 1048576K
}
Event: 26376.553 GC heap after
{Heap after GC invocations=5930 (full 1381):
 garbage-first heap   total 321536K, used 96098K [0x00000000c0000000, 0x0000000100000000)
  region size 1024K, 0 young (0K), 0 survivors (0K)
 Metaspace       used 77759K, committed 78400K, reserved 1179648K
  class space    used 10704K, committed 10944K, reserved 1048576K
}
Event: 26386.733 GC heap before
{Heap before GC invocations=5930 (full 1381):
 garbage-first heap   total 321536K, used 96098K [0x00000000c0000000, 0x0000000100000000)
  region size 1024K, 1 young (1024K), 0 survivors (0K)
 Metaspace       used 77759K, committed 78400K, reserved 1179648K
  class space    used 10704K, committed 10944K, reserved 1048576K
}
Event: 26386.778 GC heap after
{Heap after GC invocations=5931 (full 1382):
 garbage-first heap   total 321536K, used 96098K [0x00000000c0000000, 0x0000000100000000)
  region size 1024K, 0 young (0K), 0 survivors (0K)
 Metaspace       used 77759K, committed 78400K, reserved 1179648K
  class space    used 10704K, committed 10944K, reserved 1048576K
}
Event: 26396.975 GC heap before
{Heap before GC invocations=5931 (full 1382):
 garbage-first heap   total 321536K, used 96098K [0x00000000c0000000, 0x0000000100000000)
  region size 1024K, 1 young (1024K), 0 survivors (0K)
 Metaspace       used 77759K, committed 78400K, reserved 1179648K
  class space    used 10704K, committed 10944K, reserved 1048576K
}
Event: 26397.022 GC heap after
{Heap after GC invocations=5932 (full 1383):
 garbage-first heap   total 321536K, used 96098K [0x00000000c0000000, 0x0000000100000000)
  region size 1024K, 0 young (0K), 0 survivors (0K)
 Metaspace       used 77759K, committed 78400K, reserved 1179648K
  class space    used 10704K, committed 10944K, reserved 1048576K
}
Event: 26407.193 GC heap before
{Heap before GC invocations=5932 (full 1383):
 garbage-first heap   total 321536K, used 96098K [0x00000000c0000000, 0x0000000100000000)
  region size 1024K, 1 young (1024K), 0 survivors (0K)
 Metaspace       used 77759K, committed 78400K, reserved 1179648K
  class space    used 10704K, committed 10944K, reserved 1048576K
}
Event: 26407.241 GC heap after
{Heap after GC invocations=5933 (full 1384):
 garbage-first heap   total 321536K, used 96098K [0x00000000c0000000, 0x0000000100000000)
  region size 1024K, 0 young (0K), 0 survivors (0K)
 Metaspace       used 77759K, committed 78400K, reserved 1179648K
  class space    used 10704K, committed 10944K, reserved 1048576K
}
Event: 26457.479 GC heap before
{Heap before GC invocations=5933 (full 1384):
 garbage-first heap   total 321536K, used 96098K [0x00000000c0000000, 0x0000000100000000)
  region size 1024K, 1 young (1024K), 0 survivors (0K)
 Metaspace       used 77759K, committed 78400K, reserved 1179648K
  class space    used 10704K, committed 10944K, reserved 1048576K
}
Event: 26457.531 GC heap after
{Heap after GC invocations=5934 (full 1385):
 garbage-first heap   total 321536K, used 96099K [0x00000000c0000000, 0x0000000100000000)
  region size 1024K, 0 young (0K), 0 survivors (0K)
 Metaspace       used 77759K, committed 78400K, reserved 1179648K
  class space    used 10704K, committed 10944K, reserved 1048576K
}

