# JRE version: OpenJDK Runtime Environment Temurin-17.0.7+7 (17.0.7+7) (build 17.0.7+7)
# Java VM: OpenJDK 64-Bit Server VM Temurin-17.0.7+7 (17.0.7+7, mixed mode, emulated-client, tiered, compressed oops, compressed class ptrs, g1 gc, windows-amd64)
GC Precious Log:
 CPUs: 6 total, 6 available
 Memory: 32712M
 Large Page Support: Disabled
 NUMA Support: Disabled
 Compressed Oops: Enabled (32-bit)
 Heap Region Size: 1M
 Heap Min Capacity: 8M
 Heap Initial Capacity: 512M
 Heap Max Capacity: 1G
 Pre-touch: Disabled
 Parallel Workers: 6
 Concurrent Workers: 2
 Concurrent Refinement Workers: 6
 Periodic GC: Disabled
Heap:
 garbage-first heap   total 293888K, used 87170K [0x00000000c0000000, 0x0000000100000000)
  region size 1024K, 1 young (1024K), 0 survivors (0K)
 Metaspace       used 75315K, committed 75904K, reserved 1179648K
  class space    used 10299K, committed 10560K, reserved 1048576K
GC Heap History (20 events):
Event: 79142.542 GC heap before
{Heap before GC invocations=7815 (full 7555):
 garbage-first heap   total 296960K, used 87178K [0x00000000c0000000, 0x0000000100000000)
  region size 1024K, 1 young (1024K), 0 survivors (0K)
 Metaspace       used 75315K, committed 75904K, reserved 1179648K
  class space    used 10299K, committed 10560K, reserved 1048576K
}
Event: 79142.583 GC heap after
{Heap after GC invocations=7816 (full 7556):
 garbage-first heap   total 293888K, used 87178K [0x00000000c0000000, 0x0000000100000000)
  region size 1024K, 0 young (0K), 0 survivors (0K)
 Metaspace       used 75315K, committed 75904K, reserved 1179648K
  class space    used 10299K, committed 10560K, reserved 1048576K
}
Event: 79152.763 GC heap before
{Heap before GC invocations=7816 (full 7556):
 garbage-first heap   total 293888K, used 87178K [0x00000000c0000000, 0x0000000100000000)
  region size 1024K, 1 young (1024K), 0 survivors (0K)
 Metaspace       used 75315K, committed 75904K, reserved 1179648K
  class space    used 10299K, committed 10560K, reserved 1048576K
}
Event: 79152.799 GC heap after
{Heap after GC invocations=7817 (full 7557):
 garbage-first heap   total 293888K, used 87169K [0x00000000c0000000, 0x0000000100000000)
  region size 1024K, 0 young (0K), 0 survivors (0K)
 Metaspace       used 75315K, committed 75904K, reserved 1179648K
  class space    used 10299K, committed 10560K, reserved 1048576K
}
Event: 79162.989 GC heap before
{Heap before GC invocations=7817 (full 7557):
 garbage-first heap   total 293888K, used 87169K [0x00000000c0000000, 0x0000000100000000)
  region size 1024K, 1 young (1024K), 0 survivors (0K)
 Metaspace       used 75315K, committed 75904K, reserved 1179648K
  class space    used 10299K, committed 10560K, reserved 1048576K
}
Event: 79163.034 GC heap after
{Heap after GC invocations=7818 (full 7558):
 garbage-first heap   total 293888K, used 87169K [0x00000000c0000000, 0x0000000100000000)
  region size 1024K, 0 young (0K), 0 survivors (0K)
 Metaspace       used 75315K, committed 75904K, reserved 1179648K
  class space    used 10299K, committed 10560K, reserved 1048576K
}
Event: 79173.216 GC heap before
{Heap before GC invocations=7818 (full 7558):
 garbage-first heap   total 293888K, used 87169K [0x00000000c0000000, 0x0000000100000000)
  region size 1024K, 1 young (1024K), 0 survivors (0K)
 Metaspace       used 75315K, committed 75904K, reserved 1179648K
  class space    used 10299K, committed 10560K, reserved 1048576K
}
Event: 79173.251 GC heap after
{Heap after GC invocations=7819 (full 7559):
 garbage-first heap   total 293888K, used 87169K [0x00000000c0000000, 0x0000000100000000)
  region size 1024K, 0 young (0K), 0 survivors (0K)
 Metaspace       used 75315K, committed 75904K, reserved 1179648K
  class space    used 10299K, committed 10560K, reserved 1048576K
}
Event: 79183.487 GC heap before
{Heap before GC invocations=7819 (full 7559):
 garbage-first heap   total 293888K, used 87169K [0x00000000c0000000, 0x0000000100000000)
  region size 1024K, 1 young (1024K), 0 survivors (0K)
 Metaspace       used 75315K, committed 75904K, reserved 1179648K
  class space    used 10299K, committed 10560K, reserved 1048576K
}
Event: 79183.540 GC heap after
{Heap after GC invocations=7820 (full 7560):
 garbage-first heap   total 293888K, used 87169K [0x00000000c0000000, 0x0000000100000000)
  region size 1024K, 0 young (0K), 0 survivors (0K)
 Metaspace       used 75315K, committed 75904K, reserved 1179648K
  class space    used 10299K, committed 10560K, reserved 1048576K
}
Event: 79195.032 GC heap before
{Heap before GC invocations=7820 (full 7560):
 garbage-first heap   total 293888K, used 87169K [0x00000000c0000000, 0x0000000100000000)
  region size 1024K, 1 young (1024K), 0 survivors (0K)
 Metaspace       used 75315K, committed 75904K, reserved 1179648K
  class space    used 10299K, committed 10560K, reserved 1048576K
}
Event: 79195.088 GC heap after
{Heap after GC invocations=7821 (full 7561):
 garbage-first heap   total 293888K, used 87169K [0x00000000c0000000, 0x0000000100000000)
  region size 1024K, 0 young (0K), 0 survivors (0K)
 Metaspace       used 75315K, committed 75904K, reserved 1179648K
  class space    used 10299K, committed 10560K, reserved 1048576K
}
Event: 79205.265 GC heap before
{Heap before GC invocations=7821 (full 7561):
 garbage-first heap   total 293888K, used 87169K [0x00000000c0000000, 0x0000000100000000)
  region size 1024K, 1 young (1024K), 0 survivors (0K)
 Metaspace       used 75315K, committed 75904K, reserved 1179648K
  class space    used 10299K, committed 10560K, reserved 1048576K
}
Event: 79205.305 GC heap after
{Heap after GC invocations=7822 (full 7562):
 garbage-first heap   total 293888K, used 87169K [0x00000000c0000000, 0x0000000100000000)
  region size 1024K, 0 young (0K), 0 survivors (0K)
 Metaspace       used 75315K, committed 75904K, reserved 1179648K
  class space    used 10299K, committed 10560K, reserved 1048576K
}
Event: 79215.485 GC heap before
{Heap before GC invocations=7822 (full 7562):
 garbage-first heap   total 293888K, used 87169K [0x00000000c0000000, 0x0000000100000000)
  region size 1024K, 1 young (1024K), 0 survivors (0K)
 Metaspace       used 75315K, committed 75904K, reserved 1179648K
  class space    used 10299K, committed 10560K, reserved 1048576K
}
Event: 79215.524 GC heap after
{Heap after GC invocations=7823 (full 7563):
 garbage-first heap   total 293888K, used 87169K [0x00000000c0000000, 0x0000000100000000)
  region size 1024K, 0 young (0K), 0 survivors (0K)
 Metaspace       used 75315K, committed 75904K, reserved 1179648K
  class space    used 10299K, committed 10560K, reserved 1048576K
}
Event: 79225.698 GC heap before
{Heap before GC invocations=7823 (full 7563):
 garbage-first heap   total 293888K, used 87169K [0x00000000c0000000, 0x0000000100000000)
  region size 1024K, 1 young (1024K), 0 survivors (0K)
 Metaspace       used 75315K, committed 75904K, reserved 1179648K
  class space    used 10299K, committed 10560K, reserved 1048576K
}
Event: 79225.735 GC heap after
{Heap after GC invocations=7824 (full 7564):
 garbage-first heap   total 293888K, used 87169K [0x00000000c0000000, 0x0000000100000000)
  region size 1024K, 0 young (0K), 0 survivors (0K)
 Metaspace       used 75315K, committed 75904K, reserved 1179648K
  class space    used 10299K, committed 10560K, reserved 1048576K
}
Event: 79245.948 GC heap before
{Heap before GC invocations=7824 (full 7564):
 garbage-first heap   total 293888K, used 87169K [0x00000000c0000000, 0x0000000100000000)
  region size 1024K, 1 young (1024K), 0 survivors (0K)
 Metaspace       used 75315K, committed 75904K, reserved 1179648K
  class space    used 10299K, committed 10560K, reserved 1048576K
}
Event: 79245.986 GC heap after
{Heap after GC invocations=7825 (full 7565):
 garbage-first heap   total 293888K, used 87170K [0x00000000c0000000, 0x0000000100000000)
  region size 1024K, 0 young (0K), 0 survivors (0K)
 Metaspace       used 75315K, committed 75904K, reserved 1179648K
  class space    used 10299K, committed 10560K, reserved 1048576K
}

