# JRE version: OpenJDK Runtime Environment Temurin-17.0.7+7 (17.0.7+7) (build 17.0.7+7)
# Java VM: OpenJDK 64-Bit Server VM Temurin-17.0.7+7 (17.0.7+7, mixed mode, emulated-client, tiered, compressed oops, compressed class ptrs, g1 gc, windows-amd64)
GC Precious Log:
 CPUs: 6 total, 6 available
 Memory: 32712M
 Large Page Support: Disabled
 NUMA Support: Disabled
 Compressed Oops: Enabled (32-bit)
 Heap Region Size: 1M
 Heap Min Capacity: 8M
 Heap Initial Capacity: 512M
 Heap Max Capacity: 1G
 Pre-touch: Disabled
 Parallel Workers: 6
 Concurrent Workers: 2
 Concurrent Refinement Workers: 6
 Periodic GC: Disabled
Heap:
 garbage-first heap   total 286720K, used 85551K [0x00000000c0000000, 0x0000000100000000)
  region size 1024K, 1 young (1024K), 0 survivors (0K)
 Metaspace       used 75370K, committed 75968K, reserved 1179648K
  class space    used 10308K, committed 10560K, reserved 1048576K
GC Heap History (20 events):
Event: 279623.384 GC heap before
{Heap before GC invocations=30562 (full 26466):
 garbage-first heap   total 286720K, used 85551K [0x00000000c0000000, 0x0000000100000000)
  region size 1024K, 1 young (1024K), 0 survivors (0K)
 Metaspace       used 75370K, committed 75968K, reserved 1179648K
  class space    used 10308K, committed 10560K, reserved 1048576K
}
Event: 279623.426 GC heap after
{Heap after GC invocations=30563 (full 26467):
 garbage-first heap   total 286720K, used 85551K [0x00000000c0000000, 0x0000000100000000)
  region size 1024K, 0 young (0K), 0 survivors (0K)
 Metaspace       used 75370K, committed 75968K, reserved 1179648K
  class space    used 10308K, committed 10560K, reserved 1048576K
}
Event: 279633.599 GC heap before
{Heap before GC invocations=30563 (full 26467):
 garbage-first heap   total 286720K, used 85551K [0x00000000c0000000, 0x0000000100000000)
  region size 1024K, 1 young (1024K), 0 survivors (0K)
 Metaspace       used 75370K, committed 75968K, reserved 1179648K
  class space    used 10308K, committed 10560K, reserved 1048576K
}
Event: 279633.649 GC heap after
{Heap after GC invocations=30564 (full 26468):
 garbage-first heap   total 286720K, used 85551K [0x00000000c0000000, 0x0000000100000000)
  region size 1024K, 0 young (0K), 0 survivors (0K)
 Metaspace       used 75370K, committed 75968K, reserved 1179648K
  class space    used 10308K, committed 10560K, reserved 1048576K
}
Event: 279644.044 GC heap before
{Heap before GC invocations=30564 (full 26468):
 garbage-first heap   total 286720K, used 85551K [0x00000000c0000000, 0x0000000100000000)
  region size 1024K, 1 young (1024K), 0 survivors (0K)
 Metaspace       used 75370K, committed 75968K, reserved 1179648K
  class space    used 10308K, committed 10560K, reserved 1048576K
}
Event: 279644.087 GC heap after
{Heap after GC invocations=30565 (full 26469):
 garbage-first heap   total 286720K, used 85551K [0x00000000c0000000, 0x0000000100000000)
  region size 1024K, 0 young (0K), 0 survivors (0K)
 Metaspace       used 75370K, committed 75968K, reserved 1179648K
  class space    used 10308K, committed 10560K, reserved 1048576K
}
Event: 279654.513 GC heap before
{Heap before GC invocations=30565 (full 26469):
 garbage-first heap   total 286720K, used 85551K [0x00000000c0000000, 0x0000000100000000)
  region size 1024K, 1 young (1024K), 0 survivors (0K)
 Metaspace       used 75370K, committed 75968K, reserved 1179648K
  class space    used 10308K, committed 10560K, reserved 1048576K
}
Event: 279654.560 GC heap after
{Heap after GC invocations=30566 (full 26470):
 garbage-first heap   total 286720K, used 85551K [0x00000000c0000000, 0x0000000100000000)
  region size 1024K, 0 young (0K), 0 survivors (0K)
 Metaspace       used 75370K, committed 75968K, reserved 1179648K
  class space    used 10308K, committed 10560K, reserved 1048576K
}
Event: 279664.866 GC heap before
{Heap before GC invocations=30566 (full 26470):
 garbage-first heap   total 286720K, used 85551K [0x00000000c0000000, 0x0000000100000000)
  region size 1024K, 1 young (1024K), 0 survivors (0K)
 Metaspace       used 75370K, committed 75968K, reserved 1179648K
  class space    used 10308K, committed 10560K, reserved 1048576K
}
Event: 279664.918 GC heap after
{Heap after GC invocations=30567 (full 26471):
 garbage-first heap   total 286720K, used 85551K [0x00000000c0000000, 0x0000000100000000)
  region size 1024K, 0 young (0K), 0 survivors (0K)
 Metaspace       used 75370K, committed 75968K, reserved 1179648K
  class space    used 10308K, committed 10560K, reserved 1048576K
}
Event: 279675.110 GC heap before
{Heap before GC invocations=30567 (full 26471):
 garbage-first heap   total 286720K, used 85551K [0x00000000c0000000, 0x0000000100000000)
  region size 1024K, 1 young (1024K), 0 survivors (0K)
 Metaspace       used 75370K, committed 75968K, reserved 1179648K
  class space    used 10308K, committed 10560K, reserved 1048576K
}
Event: 279675.154 GC heap after
{Heap after GC invocations=30568 (full 26472):
 garbage-first heap   total 286720K, used 85551K [0x00000000c0000000, 0x0000000100000000)
  region size 1024K, 0 young (0K), 0 survivors (0K)
 Metaspace       used 75370K, committed 75968K, reserved 1179648K
  class space    used 10308K, committed 10560K, reserved 1048576K
}
Event: 279685.445 GC heap before
{Heap before GC invocations=30568 (full 26472):
 garbage-first heap   total 286720K, used 85551K [0x00000000c0000000, 0x0000000100000000)
  region size 1024K, 1 young (1024K), 0 survivors (0K)
 Metaspace       used 75370K, committed 75968K, reserved 1179648K
  class space    used 10308K, committed 10560K, reserved 1048576K
}
Event: 279685.485 GC heap after
{Heap after GC invocations=30569 (full 26473):
 garbage-first heap   total 286720K, used 85551K [0x00000000c0000000, 0x0000000100000000)
  region size 1024K, 0 young (0K), 0 survivors (0K)
 Metaspace       used 75370K, committed 75968K, reserved 1179648K
  class space    used 10308K, committed 10560K, reserved 1048576K
}
Event: 279696.197 GC heap before
{Heap before GC invocations=30569 (full 26473):
 garbage-first heap   total 286720K, used 85551K [0x00000000c0000000, 0x0000000100000000)
  region size 1024K, 1 young (1024K), 0 survivors (0K)
 Metaspace       used 75370K, committed 75968K, reserved 1179648K
  class space    used 10308K, committed 10560K, reserved 1048576K
}
Event: 279696.240 GC heap after
{Heap after GC invocations=30570 (full 26474):
 garbage-first heap   total 286720K, used 85551K [0x00000000c0000000, 0x0000000100000000)
  region size 1024K, 0 young (0K), 0 survivors (0K)
 Metaspace       used 75370K, committed 75968K, reserved 1179648K
  class space    used 10308K, committed 10560K, reserved 1048576K
}
Event: 279706.417 GC heap before
{Heap before GC invocations=30570 (full 26474):
 garbage-first heap   total 286720K, used 85551K [0x00000000c0000000, 0x0000000100000000)
  region size 1024K, 1 young (1024K), 0 survivors (0K)
 Metaspace       used 75370K, committed 75968K, reserved 1179648K
  class space    used 10308K, committed 10560K, reserved 1048576K
}
Event: 279706.461 GC heap after
{Heap after GC invocations=30571 (full 26475):
 garbage-first heap   total 286720K, used 85551K [0x00000000c0000000, 0x0000000100000000)
  region size 1024K, 0 young (0K), 0 survivors (0K)
 Metaspace       used 75370K, committed 75968K, reserved 1179648K
  class space    used 10308K, committed 10560K, reserved 1048576K
}
Event: 279716.643 GC heap before
{Heap before GC invocations=30571 (full 26475):
 garbage-first heap   total 286720K, used 85551K [0x00000000c0000000, 0x0000000100000000)
  region size 1024K, 1 young (1024K), 0 survivors (0K)
 Metaspace       used 75370K, committed 75968K, reserved 1179648K
  class space    used 10308K, committed 10560K, reserved 1048576K
}
Event: 279716.686 GC heap after
{Heap after GC invocations=30572 (full 26476):
 garbage-first heap   total 286720K, used 85551K [0x00000000c0000000, 0x0000000100000000)
  region size 1024K, 0 young (0K), 0 survivors (0K)
 Metaspace       used 75370K, committed 75968K, reserved 1179648K
  class space    used 10308K, committed 10560K, reserved 1048576K
}

