# JRE version: OpenJDK Runtime Environment Temurin-17.0.7+7 (17.0.7+7) (build 17.0.7+7)
# Java VM: OpenJDK 64-Bit Server VM Temurin-17.0.7+7 (17.0.7+7, mixed mode, emulated-client, tiered, compressed oops, compressed class ptrs, g1 gc, windows-amd64)
GC Precious Log:
 CPUs: 6 total, 6 available
 Memory: 32712M
 Large Page Support: Disabled
 NUMA Support: Disabled
 Compressed Oops: Enabled (32-bit)
 Heap Region Size: 1M
 Heap Min Capacity: 8M
 Heap Initial Capacity: 512M
 Heap Max Capacity: 1G
 Pre-touch: Disabled
 Parallel Workers: 6
 Concurrent Workers: 2
 Concurrent Refinement Workers: 6
 Periodic GC: Disabled
Heap:
 garbage-first heap   total 137216K, used 40123K [0x00000000c0000000, 0x0000000100000000)
  region size 1024K, 1 young (1024K), 0 survivors (0K)
 Metaspace       used 72792K, committed 73536K, reserved 1114112K
  class space    used 9882K, committed 10176K, reserved 1048576K
GC Heap History (20 events):
Event: 5688.329 GC heap before
{Heap before GC invocations=603 (full 540):
 garbage-first heap   total 137216K, used 40123K [0x00000000c0000000, 0x0000000100000000)
  region size 1024K, 1 young (1024K), 0 survivors (0K)
 Metaspace       used 72792K, committed 73536K, reserved 1114112K
  class space    used 9882K, committed 10176K, reserved 1048576K
}
Event: 5688.358 GC heap after
{Heap after GC invocations=604 (full 541):
 garbage-first heap   total 137216K, used 40123K [0x00000000c0000000, 0x0000000100000000)
  region size 1024K, 0 young (0K), 0 survivors (0K)
 Metaspace       used 72792K, committed 73536K, reserved 1114112K
  class space    used 9882K, committed 10176K, reserved 1048576K
}
Event: 5698.577 GC heap before
{Heap before GC invocations=604 (full 541):
 garbage-first heap   total 137216K, used 40123K [0x00000000c0000000, 0x0000000100000000)
  region size 1024K, 1 young (1024K), 0 survivors (0K)
 Metaspace       used 72792K, committed 73536K, reserved 1114112K
  class space    used 9882K, committed 10176K, reserved 1048576K
}
Event: 5698.604 GC heap after
{Heap after GC invocations=605 (full 542):
 garbage-first heap   total 137216K, used 40123K [0x00000000c0000000, 0x0000000100000000)
  region size 1024K, 0 young (0K), 0 survivors (0K)
 Metaspace       used 72792K, committed 73536K, reserved 1114112K
  class space    used 9882K, committed 10176K, reserved 1048576K
}
Event: 5708.769 GC heap before
{Heap before GC invocations=605 (full 542):
 garbage-first heap   total 137216K, used 40123K [0x00000000c0000000, 0x0000000100000000)
  region size 1024K, 1 young (1024K), 0 survivors (0K)
 Metaspace       used 72792K, committed 73536K, reserved 1114112K
  class space    used 9882K, committed 10176K, reserved 1048576K
}
Event: 5708.795 GC heap after
{Heap after GC invocations=606 (full 543):
 garbage-first heap   total 137216K, used 40123K [0x00000000c0000000, 0x0000000100000000)
  region size 1024K, 0 young (0K), 0 survivors (0K)
 Metaspace       used 72792K, committed 73536K, reserved 1114112K
  class space    used 9882K, committed 10176K, reserved 1048576K
}
Event: 5718.964 GC heap before
{Heap before GC invocations=606 (full 543):
 garbage-first heap   total 137216K, used 40123K [0x00000000c0000000, 0x0000000100000000)
  region size 1024K, 1 young (1024K), 0 survivors (0K)
 Metaspace       used 72792K, committed 73536K, reserved 1114112K
  class space    used 9882K, committed 10176K, reserved 1048576K
}
Event: 5718.994 GC heap after
{Heap after GC invocations=607 (full 544):
 garbage-first heap   total 137216K, used 40123K [0x00000000c0000000, 0x0000000100000000)
  region size 1024K, 0 young (0K), 0 survivors (0K)
 Metaspace       used 72792K, committed 73536K, reserved 1114112K
  class space    used 9882K, committed 10176K, reserved 1048576K
}
Event: 5729.169 GC heap before
{Heap before GC invocations=607 (full 544):
 garbage-first heap   total 137216K, used 40123K [0x00000000c0000000, 0x0000000100000000)
  region size 1024K, 1 young (1024K), 0 survivors (0K)
 Metaspace       used 72792K, committed 73536K, reserved 1114112K
  class space    used 9882K, committed 10176K, reserved 1048576K
}
Event: 5729.193 GC heap after
{Heap after GC invocations=608 (full 545):
 garbage-first heap   total 137216K, used 40123K [0x00000000c0000000, 0x0000000100000000)
  region size 1024K, 0 young (0K), 0 survivors (0K)
 Metaspace       used 72792K, committed 73536K, reserved 1114112K
  class space    used 9882K, committed 10176K, reserved 1048576K
}
Event: 5739.362 GC heap before
{Heap before GC invocations=608 (full 545):
 garbage-first heap   total 137216K, used 40123K [0x00000000c0000000, 0x0000000100000000)
  region size 1024K, 1 young (1024K), 0 survivors (0K)
 Metaspace       used 72792K, committed 73536K, reserved 1114112K
  class space    used 9882K, committed 10176K, reserved 1048576K
}
Event: 5739.391 GC heap after
{Heap after GC invocations=609 (full 546):
 garbage-first heap   total 137216K, used 40123K [0x00000000c0000000, 0x0000000100000000)
  region size 1024K, 0 young (0K), 0 survivors (0K)
 Metaspace       used 72792K, committed 73536K, reserved 1114112K
  class space    used 9882K, committed 10176K, reserved 1048576K
}
Event: 5749.556 GC heap before
{Heap before GC invocations=609 (full 546):
 garbage-first heap   total 137216K, used 40123K [0x00000000c0000000, 0x0000000100000000)
  region size 1024K, 1 young (1024K), 0 survivors (0K)
 Metaspace       used 72792K, committed 73536K, reserved 1114112K
  class space    used 9882K, committed 10176K, reserved 1048576K
}
Event: 5749.581 GC heap after
{Heap after GC invocations=610 (full 547):
 garbage-first heap   total 137216K, used 40123K [0x00000000c0000000, 0x0000000100000000)
  region size 1024K, 0 young (0K), 0 survivors (0K)
 Metaspace       used 72792K, committed 73536K, reserved 1114112K
  class space    used 9882K, committed 10176K, reserved 1048576K
}
Event: 5759.755 GC heap before
{Heap before GC invocations=610 (full 547):
 garbage-first heap   total 137216K, used 40123K [0x00000000c0000000, 0x0000000100000000)
  region size 1024K, 1 young (1024K), 0 survivors (0K)
 Metaspace       used 72792K, committed 73536K, reserved 1114112K
  class space    used 9882K, committed 10176K, reserved 1048576K
}
Event: 5759.781 GC heap after
{Heap after GC invocations=611 (full 548):
 garbage-first heap   total 137216K, used 40123K [0x00000000c0000000, 0x0000000100000000)
  region size 1024K, 0 young (0K), 0 survivors (0K)
 Metaspace       used 72792K, committed 73536K, reserved 1114112K
  class space    used 9882K, committed 10176K, reserved 1048576K
}
Event: 5769.946 GC heap before
{Heap before GC invocations=611 (full 548):
 garbage-first heap   total 137216K, used 40123K [0x00000000c0000000, 0x0000000100000000)
  region size 1024K, 1 young (1024K), 0 survivors (0K)
 Metaspace       used 72792K, committed 73536K, reserved 1114112K
  class space    used 9882K, committed 10176K, reserved 1048576K
}
Event: 5769.975 GC heap after
{Heap after GC invocations=612 (full 549):
 garbage-first heap   total 137216K, used 40123K [0x00000000c0000000, 0x0000000100000000)
  region size 1024K, 0 young (0K), 0 survivors (0K)
 Metaspace       used 72792K, committed 73536K, reserved 1114112K
  class space    used 9882K, committed 10176K, reserved 1048576K
}
Event: 5780.149 GC heap before
{Heap before GC invocations=612 (full 549):
 garbage-first heap   total 137216K, used 40123K [0x00000000c0000000, 0x0000000100000000)
  region size 1024K, 1 young (1024K), 0 survivors (0K)
 Metaspace       used 72792K, committed 73536K, reserved 1114112K
  class space    used 9882K, committed 10176K, reserved 1048576K
}
Event: 5780.176 GC heap after
{Heap after GC invocations=613 (full 550):
 garbage-first heap   total 137216K, used 40123K [0x00000000c0000000, 0x0000000100000000)
  region size 1024K, 0 young (0K), 0 survivors (0K)
 Metaspace       used 72792K, committed 73536K, reserved 1114112K
  class space    used 9882K, committed 10176K, reserved 1048576K
}

