# JRE version: Java(TM) SE Runtime Environment (8.0_341-b10) (build 1.8.0_341-b10)
# Java VM: Java HotSpot(TM) 64-Bit Server VM (25.341-b10 mixed mode windows-amd64 compressed oops)
Heap:
 PSYoungGen      total 193536K, used 53004K [0x0000000715980000, 0x0000000723300000, 0x00000007c0000000)
  eden space 179712K, 29% used [0x0000000715980000,0x0000000718d43360,0x0000000720900000)
  from space 13824K, 0% used [0x0000000722580000,0x0000000722580000,0x0000000723300000)
  to   space 21504K, 0% used [0x0000000720900000,0x0000000720900000,0x0000000721e00000)
 ParOldGen       total 367616K, used 20241K [0x00000005c0c00000, 0x00000005d7300000, 0x0000000715980000)
  object space 367616K, 5% used [0x00000005c0c00000,0x00000005c1fc45f0,0x00000005d7300000)
 Metaspace       used 42205K, capacity 44752K, committed 44928K, reserved 1089536K
  class space    used 5687K, capacity 6175K, committed 6272K, reserved 1048576K
GC Heap History (10 events):
Event: 2.167 GC heap before
{Heap before GC invocations=3 (full 1):
 PSYoungGen      total 153088K, used 131584K [0x0000000715980000, 0x0000000720400000, 0x00000007c0000000)
  eden space 131584K, 100% used [0x0000000715980000,0x000000071da00000,0x000000071da00000)
  from space 21504K, 0% used [0x000000071da00000,0x000000071da00000,0x000000071ef00000)
  to   space 21504K, 0% used [0x000000071ef00000,0x000000071ef00000,0x0000000720400000)
 ParOldGen       total 233472K, used 14861K [0x00000005c0c00000, 0x00000005cf000000, 0x0000000715980000)
  object space 233472K, 6% used [0x00000005c0c00000,0x00000005c1a836f8,0x00000005cf000000)
 Metaspace       used 30568K, capacity 32440K, committed 32768K, reserved 1077248K
  class space    used 4128K, capacity 4526K, committed 4608K, reserved 1048576K
Event: 2.175 GC heap after
Heap after GC invocations=3 (full 1):
 PSYoungGen      total 153088K, used 16830K [0x0000000715980000, 0x0000000723080000, 0x00000007c0000000)
  eden space 131584K, 0% used [0x0000000715980000,0x0000000715980000,0x000000071da00000)
  from space 21504K, 78% used [0x000000071ef00000,0x000000071ff6fb40,0x0000000720400000)
  to   space 21504K, 0% used [0x000000071da00000,0x000000071da00000,0x000000071ef00000)
 ParOldGen       total 233472K, used 14869K [0x00000005c0c00000, 0x00000005cf000000, 0x0000000715980000)
  object space 233472K, 6% used [0x00000005c0c00000,0x00000005c1a856f8,0x00000005cf000000)
 Metaspace       used 30568K, capacity 32440K, committed 32768K, reserved 1077248K
  class space    used 4128K, capacity 4526K, committed 4608K, reserved 1048576K
}
Event: 2.399 GC heap before
{Heap before GC invocations=4 (full 1):
 PSYoungGen      total 153088K, used 46599K [0x0000000715980000, 0x0000000723080000, 0x00000007c0000000)
  eden space 131584K, 22% used [0x0000000715980000,0x0000000717692188,0x000000071da00000)
  from space 21504K, 78% used [0x000000071ef00000,0x000000071ff6fb40,0x0000000720400000)
  to   space 21504K, 0% used [0x000000071da00000,0x000000071da00000,0x000000071ef00000)
 ParOldGen       total 233472K, used 14869K [0x00000005c0c00000, 0x00000005cf000000, 0x0000000715980000)
  object space 233472K, 6% used [0x00000005c0c00000,0x00000005c1a856f8,0x00000005cf000000)
 Metaspace       used 33424K, capacity 35346K, committed 35456K, reserved 1079296K
  class space    used 4508K, capacity 4903K, committed 4992K, reserved 1048576K
Event: 2.403 GC heap after
Heap after GC invocations=4 (full 1):
 PSYoungGen      total 153088K, used 11052K [0x0000000715980000, 0x0000000723a80000, 0x00000007c0000000)
  eden space 131584K, 0% used [0x0000000715980000,0x0000000715980000,0x000000071da00000)
  from space 21504K, 51% used [0x000000071da00000,0x000000071e4cb120,0x000000071ef00000)
  to   space 21504K, 0% used [0x0000000722580000,0x0000000722580000,0x0000000723a80000)
 ParOldGen       total 233472K, used 14941K [0x00000005c0c00000, 0x00000005cf000000, 0x0000000715980000)
  object space 233472K, 6% used [0x00000005c0c00000,0x00000005c1a97708,0x00000005cf000000)
 Metaspace       used 33424K, capacity 35346K, committed 35456K, reserved 1079296K
  class space    used 4508K, capacity 4903K, committed 4992K, reserved 1048576K
}
Event: 2.403 GC heap before
{Heap before GC invocations=5 (full 2):
 PSYoungGen      total 153088K, used 11052K [0x0000000715980000, 0x0000000723a80000, 0x00000007c0000000)
  eden space 131584K, 0% used [0x0000000715980000,0x0000000715980000,0x000000071da00000)
  from space 21504K, 51% used [0x000000071da00000,0x000000071e4cb120,0x000000071ef00000)
  to   space 21504K, 0% used [0x0000000722580000,0x0000000722580000,0x0000000723a80000)
 ParOldGen       total 233472K, used 14941K [0x00000005c0c00000, 0x00000005cf000000, 0x0000000715980000)
  object space 233472K, 6% used [0x00000005c0c00000,0x00000005c1a97708,0x00000005cf000000)
 Metaspace       used 33424K, capacity 35346K, committed 35456K, reserved 1079296K
  class space    used 4508K, capacity 4903K, committed 4992K, reserved 1048576K
Event: 2.429 GC heap after
Heap after GC invocations=5 (full 2):
 PSYoungGen      total 153088K, used 0K [0x0000000715980000, 0x0000000723a80000, 0x00000007c0000000)
  eden space 131584K, 0% used [0x0000000715980000,0x0000000715980000,0x000000071da00000)
  from space 21504K, 0% used [0x000000071da00000,0x000000071da00000,0x000000071ef00000)
  to   space 21504K, 0% used [0x0000000722580000,0x0000000722580000,0x0000000723a80000)
 ParOldGen       total 367616K, used 15480K [0x00000005c0c00000, 0x00000005d7300000, 0x0000000715980000)
  object space 367616K, 4% used [0x00000005c0c00000,0x00000005c1b1e078,0x00000005d7300000)
 Metaspace       used 33424K, capacity 35346K, committed 35456K, reserved 1079296K
  class space    used 4508K, capacity 4903K, committed 4992K, reserved 1048576K
}
Event: 3.029 GC heap before
{Heap before GC invocations=6 (full 2):
 PSYoungGen      total 153088K, used 110408K [0x0000000715980000, 0x0000000723a80000, 0x00000007c0000000)
  eden space 131584K, 83% used [0x0000000715980000,0x000000071c552090,0x000000071da00000)
  from space 21504K, 0% used [0x000000071da00000,0x000000071da00000,0x000000071ef00000)
  to   space 21504K, 0% used [0x0000000722580000,0x0000000722580000,0x0000000723a80000)
 ParOldGen       total 367616K, used 15480K [0x00000005c0c00000, 0x00000005d7300000, 0x0000000715980000)
  object space 367616K, 4% used [0x00000005c0c00000,0x00000005c1b1e078,0x00000005d7300000)
 Metaspace       used 39253K, capacity 41684K, committed 41728K, reserved 1089536K
  class space    used 5329K, capacity 5844K, committed 5888K, reserved 1048576K
Event: 3.034 GC heap after
Heap after GC invocations=6 (full 2):
 PSYoungGen      total 193536K, used 7704K [0x0000000715980000, 0x0000000723300000, 0x00000007c0000000)
  eden space 179712K, 0% used [0x0000000715980000,0x0000000715980000,0x0000000720900000)
  from space 13824K, 55% used [0x0000000722580000,0x0000000722d060c0,0x0000000723300000)
  to   space 21504K, 0% used [0x0000000720900000,0x0000000720900000,0x0000000721e00000)
 ParOldGen       total 367616K, used 15488K [0x00000005c0c00000, 0x00000005d7300000, 0x0000000715980000)
  object space 367616K, 4% used [0x00000005c0c00000,0x00000005c1b20078,0x00000005d7300000)
 Metaspace       used 39253K, capacity 41684K, committed 41728K, reserved 1089536K
  class space    used 5329K, capacity 5844K, committed 5888K, reserved 1048576K
}
Event: 3.034 GC heap before
{Heap before GC invocations=7 (full 3):
 PSYoungGen      total 193536K, used 7704K [0x0000000715980000, 0x0000000723300000, 0x00000007c0000000)
  eden space 179712K, 0% used [0x0000000715980000,0x0000000715980000,0x0000000720900000)
  from space 13824K, 55% used [0x0000000722580000,0x0000000722d060c0,0x0000000723300000)
  to   space 21504K, 0% used [0x0000000720900000,0x0000000720900000,0x0000000721e00000)
 ParOldGen       total 367616K, used 15488K [0x00000005c0c00000, 0x00000005d7300000, 0x0000000715980000)
  object space 367616K, 4% used [0x00000005c0c00000,0x00000005c1b20078,0x00000005d7300000)
 Metaspace       used 39253K, capacity 41684K, committed 41728K, reserved 1089536K
  class space    used 5329K, capacity 5844K, committed 5888K, reserved 1048576K
Event: 3.120 GC heap after
Heap after GC invocations=7 (full 3):
 PSYoungGen      total 193536K, used 0K [0x0000000715980000, 0x0000000723300000, 0x00000007c0000000)
  eden space 179712K, 0% used [0x0000000715980000,0x0000000715980000,0x0000000720900000)
  from space 13824K, 0% used [0x0000000722580000,0x0000000722580000,0x0000000723300000)
  to   space 21504K, 0% used [0x0000000720900000,0x0000000720900000,0x0000000721e00000)
 ParOldGen       total 367616K, used 20241K [0x00000005c0c00000, 0x00000005d7300000, 0x0000000715980000)
  object space 367616K, 5% used [0x00000005c0c00000,0x00000005c1fc45f0,0x00000005d7300000)
 Metaspace       used 39253K, capacity 41684K, committed 41728K, reserved 1087488K
  class space    used 5329K, capacity 5844K, committed 5888K, reserved 1048576K
}

