# JRE version: Java(TM) SE Runtime Environment (8.0_341-b10) (build 1.8.0_341-b10)
# Java VM: Java HotSpot(TM) 64-Bit Server VM (25.341-b10 mixed mode windows-amd64 compressed oops)
Heap:
 PSYoungGen      total 221184K, used 60022K [0x0000000715980000, 0x0000000729600000, 0x00000007c0000000)
  eden space 199680K, 30% used [0x0000000715980000,0x000000071941d960,0x0000000721c80000)
  from space 21504K, 0% used [0x0000000721c80000,0x0000000721c80000,0x0000000723180000)
  to   space 28160K, 0% used [0x0000000727a80000,0x0000000727a80000,0x0000000729600000)
 ParOldGen       total 326144K, used 34086K [0x00000005c0c00000, 0x00000005d4a80000, 0x0000000715980000)
  object space 326144K, 10% used [0x00000005c0c00000,0x00000005c2d49b60,0x00000005d4a80000)
 Metaspace       used 36644K, capacity 37736K, committed 37888K, reserved 1083392K
  class space    used 4274K, capacity 4547K, committed 4608K, reserved 1048576K
GC Heap History (10 events):
Event: 2.228 GC heap before
{Heap before GC invocations=3 (full 1):
 PSYoungGen      total 153088K, used 12601K [0x0000000715980000, 0x0000000728480000, 0x00000007c0000000)
  eden space 131584K, 0% used [0x0000000715980000,0x0000000715980000,0x000000071da00000)
  from space 21504K, 58% used [0x000000071ef00000,0x000000071fb4e660,0x0000000720400000)
  to   space 21504K, 0% used [0x000000071da00000,0x000000071da00000,0x000000071ef00000)
 ParOldGen       total 349696K, used 40K [0x00000005c0c00000, 0x00000005d6180000, 0x0000000715980000)
  object space 349696K, 0% used [0x00000005c0c00000,0x00000005c0c0a000,0x00000005d6180000)
 Metaspace       used 20605K, capacity 21220K, committed 21296K, reserved 1069056K
  class space    used 2488K, capacity 2678K, committed 2688K, reserved 1048576K
Event: 2.272 GC heap after
Heap after GC invocations=3 (full 1):
 PSYoungGen      total 153088K, used 0K [0x0000000715980000, 0x0000000728480000, 0x00000007c0000000)
  eden space 131584K, 0% used [0x0000000715980000,0x0000000715980000,0x000000071da00000)
  from space 21504K, 0% used [0x000000071ef00000,0x000000071ef00000,0x0000000720400000)
  to   space 21504K, 0% used [0x000000071da00000,0x000000071da00000,0x000000071ef00000)
 ParOldGen       total 197632K, used 12496K [0x00000005c0c00000, 0x00000005ccd00000, 0x0000000715980000)
  object space 197632K, 6% used [0x00000005c0c00000,0x00000005c1834230,0x00000005ccd00000)
 Metaspace       used 20605K, capacity 21220K, committed 21296K, reserved 1069056K
  class space    used 2488K, capacity 2678K, committed 2688K, reserved 1048576K
}
Event: 3.585 GC heap before
{Heap before GC invocations=4 (full 1):
 PSYoungGen      total 153088K, used 131584K [0x0000000715980000, 0x0000000728480000, 0x00000007c0000000)
  eden space 131584K, 100% used [0x0000000715980000,0x000000071da00000,0x000000071da00000)
  from space 21504K, 0% used [0x000000071ef00000,0x000000071ef00000,0x0000000720400000)
  to   space 21504K, 0% used [0x000000071da00000,0x000000071da00000,0x000000071ef00000)
 ParOldGen       total 197632K, used 12496K [0x00000005c0c00000, 0x00000005ccd00000, 0x0000000715980000)
  object space 197632K, 6% used [0x00000005c0c00000,0x00000005c1834230,0x00000005ccd00000)
 Metaspace       used 26696K, capacity 27596K, committed 27776K, reserved 1073152K
  class space    used 3193K, capacity 3428K, committed 3456K, reserved 1048576K
Event: 3.591 GC heap after
Heap after GC invocations=4 (full 1):
 PSYoungGen      total 153088K, used 12777K [0x0000000715980000, 0x0000000724700000, 0x00000007c0000000)
  eden space 131584K, 0% used [0x0000000715980000,0x0000000715980000,0x000000071da00000)
  from space 21504K, 59% used [0x000000071da00000,0x000000071e67a4e8,0x000000071ef00000)
  to   space 21504K, 0% used [0x0000000723200000,0x0000000723200000,0x0000000724700000)
 ParOldGen       total 197632K, used 12504K [0x00000005c0c00000, 0x00000005ccd00000, 0x0000000715980000)
  object space 197632K, 6% used [0x00000005c0c00000,0x00000005c1836230,0x00000005ccd00000)
 Metaspace       used 26696K, capacity 27596K, committed 27776K, reserved 1073152K
  class space    used 3193K, capacity 3428K, committed 3456K, reserved 1048576K
}
Event: 7.370 GC heap before
{Heap before GC invocations=5 (full 1):
 PSYoungGen      total 153088K, used 144361K [0x0000000715980000, 0x0000000724700000, 0x00000007c0000000)
  eden space 131584K, 100% used [0x0000000715980000,0x000000071da00000,0x000000071da00000)
  from space 21504K, 59% used [0x000000071da00000,0x000000071e67a4e8,0x000000071ef00000)
  to   space 21504K, 0% used [0x0000000723200000,0x0000000723200000,0x0000000724700000)
 ParOldGen       total 197632K, used 12504K [0x00000005c0c00000, 0x00000005ccd00000, 0x0000000715980000)
  object space 197632K, 6% used [0x00000005c0c00000,0x00000005c1836230,0x00000005ccd00000)
 Metaspace       used 29849K, capacity 30932K, committed 31232K, reserved 1077248K
  class space    used 3480K, capacity 3770K, committed 3840K, reserved 1048576K
Event: 7.379 GC heap after
Heap after GC invocations=5 (full 1):
 PSYoungGen      total 212480K, used 20587K [0x0000000715980000, 0x0000000724680000, 0x00000007c0000000)
  eden space 191488K, 0% used [0x0000000715980000,0x0000000715980000,0x0000000721480000)
  from space 20992K, 98% used [0x0000000723200000,0x000000072461ae88,0x0000000724680000)
  to   space 21504K, 0% used [0x0000000721c80000,0x0000000721c80000,0x0000000723180000)
 ParOldGen       total 197632K, used 12520K [0x00000005c0c00000, 0x00000005ccd00000, 0x0000000715980000)
  object space 197632K, 6% used [0x00000005c0c00000,0x00000005c183a230,0x00000005ccd00000)
 Metaspace       used 29849K, capacity 30932K, committed 31232K, reserved 1077248K
  class space    used 3480K, capacity 3770K, committed 3840K, reserved 1048576K
}
Event: 11.753 GC heap before
{Heap before GC invocations=6 (full 1):
 PSYoungGen      total 212480K, used 190798K [0x0000000715980000, 0x0000000724680000, 0x00000007c0000000)
  eden space 191488K, 88% used [0x0000000715980000,0x000000071ffb8ab0,0x0000000721480000)
  from space 20992K, 98% used [0x0000000723200000,0x000000072461ae88,0x0000000724680000)
  to   space 21504K, 0% used [0x0000000721c80000,0x0000000721c80000,0x0000000723180000)
 ParOldGen       total 197632K, used 12520K [0x00000005c0c00000, 0x00000005ccd00000, 0x0000000715980000)
  object space 197632K, 6% used [0x00000005c0c00000,0x00000005c183a230,0x00000005ccd00000)
 Metaspace       used 34223K, capacity 35396K, committed 35496K, reserved 1081344K
  class space    used 3983K, capacity 4314K, committed 4352K, reserved 1048576K
Event: 11.765 GC heap after
Heap after GC invocations=6 (full 1):
 PSYoungGen      total 221184K, used 21474K [0x0000000715980000, 0x0000000729600000, 0x00000007c0000000)
  eden space 199680K, 0% used [0x0000000715980000,0x0000000715980000,0x0000000721c80000)
  from space 21504K, 99% used [0x0000000721c80000,0x0000000723178988,0x0000000723180000)
  to   space 28160K, 0% used [0x0000000727a80000,0x0000000727a80000,0x0000000729600000)
 ParOldGen       total 197632K, used 14995K [0x00000005c0c00000, 0x00000005ccd00000, 0x0000000715980000)
  object space 197632K, 7% used [0x00000005c0c00000,0x00000005c1aa4c60,0x00000005ccd00000)
 Metaspace       used 34223K, capacity 35396K, committed 35496K, reserved 1081344K
  class space    used 3983K, capacity 4314K, committed 4352K, reserved 1048576K
}
Event: 11.765 GC heap before
{Heap before GC invocations=7 (full 2):
 PSYoungGen      total 221184K, used 21474K [0x0000000715980000, 0x0000000729600000, 0x00000007c0000000)
  eden space 199680K, 0% used [0x0000000715980000,0x0000000715980000,0x0000000721c80000)
  from space 21504K, 99% used [0x0000000721c80000,0x0000000723178988,0x0000000723180000)
  to   space 28160K, 0% used [0x0000000727a80000,0x0000000727a80000,0x0000000729600000)
 ParOldGen       total 197632K, used 14995K [0x00000005c0c00000, 0x00000005ccd00000, 0x0000000715980000)
  object space 197632K, 7% used [0x00000005c0c00000,0x00000005c1aa4c60,0x00000005ccd00000)
 Metaspace       used 34223K, capacity 35396K, committed 35496K, reserved 1081344K
  class space    used 3983K, capacity 4314K, committed 4352K, reserved 1048576K
Event: 11.902 GC heap after
Heap after GC invocations=7 (full 2):
 PSYoungGen      total 221184K, used 0K [0x0000000715980000, 0x0000000729600000, 0x00000007c0000000)
  eden space 199680K, 0% used [0x0000000715980000,0x0000000715980000,0x0000000721c80000)
  from space 21504K, 0% used [0x0000000721c80000,0x0000000721c80000,0x0000000723180000)
  to   space 28160K, 0% used [0x0000000727a80000,0x0000000727a80000,0x0000000729600000)
 ParOldGen       total 326144K, used 34086K [0x00000005c0c00000, 0x00000005d4a80000, 0x0000000715980000)
  object space 326144K, 10% used [0x00000005c0c00000,0x00000005c2d49b60,0x00000005d4a80000)
 Metaspace       used 31734K, capacity 32748K, committed 35496K, reserved 1081344K
  class space    used 3672K, capacity 3964K, committed 4352K, reserved 1048576K
}

