# JRE version: OpenJDK Runtime Environment Temurin-17.0.7+7 (17.0.7+7) (build 17.0.7+7)
# Java VM: OpenJDK 64-Bit Server VM Temurin-17.0.7+7 (17.0.7+7, mixed mode, emulated-client, tiered, compressed oops, compressed class ptrs, g1 gc, windows-amd64)
GC Precious Log:
 CPUs: 6 total, 6 available
 Memory: 32712M
 Large Page Support: Disabled
 NUMA Support: Disabled
 Compressed Oops: Enabled (32-bit)
 Heap Region Size: 1M
 Heap Min Capacity: 8M
 Heap Initial Capacity: 512M
 Heap Max Capacity: 1G
 Pre-touch: Disabled
 Parallel Workers: 6
 Concurrent Workers: 2
 Concurrent Refinement Workers: 6
 Periodic GC: Disabled
Heap:
 garbage-first heap   total 524288K, used 139182K [0x00000000c0000000, 0x0000000100000000)
  region size 1024K, 17 young (17408K), 17 survivors (17408K)
 Metaspace       used 47397K, committed 47808K, reserved 1114112K
  class space    used 5740K, committed 5952K, reserved 1048576K
GC Heap History (20 events):
Event: 4.171 GC heap after
{Heap after GC invocations=11 (full 0):
 garbage-first heap   total 55296K, used 26293K [0x00000000c0000000, 0x0000000100000000)
  region size 1024K, 3 young (3072K), 3 survivors (3072K)
 Metaspace       used 40550K, committed 40896K, reserved 1114112K
  class space    used 5094K, committed 5248K, reserved 1048576K
}
Event: 4.188 GC heap before
{Heap before GC invocations=11 (full 0):
 garbage-first heap   total 55296K, used 28341K [0x00000000c0000000, 0x0000000100000000)
  region size 1024K, 6 young (6144K), 3 survivors (3072K)
 Metaspace       used 40550K, committed 40896K, reserved 1114112K
  class space    used 5094K, committed 5248K, reserved 1048576K
}
Event: 4.191 GC heap after
{Heap after GC invocations=12 (full 0):
 garbage-first heap   total 289792K, used 26908K [0x00000000c0000000, 0x0000000100000000)
  region size 1024K, 1 young (1024K), 1 survivors (1024K)
 Metaspace       used 40550K, committed 40896K, reserved 1114112K
  class space    used 5094K, committed 5248K, reserved 1048576K
}
Event: 5.140 GC heap before
{Heap before GC invocations=12 (full 0):
 garbage-first heap   total 289792K, used 200988K [0x00000000c0000000, 0x0000000100000000)
  region size 1024K, 168 young (172032K), 1 survivors (1024K)
 Metaspace       used 45122K, committed 45568K, reserved 1114112K
  class space    used 5471K, committed 5696K, reserved 1048576K
}
Event: 5.157 GC heap after
{Heap after GC invocations=13 (full 0):
 garbage-first heap   total 289792K, used 66835K [0x00000000c0000000, 0x0000000100000000)
  region size 1024K, 21 young (21504K), 21 survivors (21504K)
 Metaspace       used 45122K, committed 45568K, reserved 1114112K
  class space    used 5471K, committed 5696K, reserved 1048576K
}
Event: 5.374 GC heap before
{Heap before GC invocations=13 (full 0):
 garbage-first heap   total 289792K, used 169235K [0x00000000c0000000, 0x0000000100000000)
  region size 1024K, 120 young (122880K), 21 survivors (21504K)
 Metaspace       used 46843K, committed 47296K, reserved 1114112K
  class space    used 5670K, committed 5888K, reserved 1048576K
}
Event: 5.403 GC heap after
{Heap after GC invocations=14 (full 0):
 garbage-first heap   total 289792K, used 89454K [0x00000000c0000000, 0x0000000100000000)
  region size 1024K, 15 young (15360K), 15 survivors (15360K)
 Metaspace       used 46843K, committed 47296K, reserved 1114112K
  class space    used 5670K, committed 5888K, reserved 1048576K
}
Event: 5.426 GC heap before
{Heap before GC invocations=14 (full 0):
 garbage-first heap   total 289792K, used 181614K [0x00000000c0000000, 0x0000000100000000)
  region size 1024K, 106 young (108544K), 15 survivors (15360K)
 Metaspace       used 46844K, committed 47296K, reserved 1114112K
  class space    used 5670K, committed 5888K, reserved 1048576K
}
Event: 5.434 GC heap after
{Heap after GC invocations=15 (full 0):
 garbage-first heap   total 289792K, used 95775K [0x00000000c0000000, 0x0000000100000000)
  region size 1024K, 6 young (6144K), 6 survivors (6144K)
 Metaspace       used 46844K, committed 47296K, reserved 1114112K
  class space    used 5670K, committed 5888K, reserved 1048576K
}
Event: 5.458 GC heap before
{Heap before GC invocations=15 (full 0):
 garbage-first heap   total 289792K, used 202271K [0x00000000c0000000, 0x0000000100000000)
  region size 1024K, 112 young (114688K), 6 survivors (6144K)
 Metaspace       used 46881K, committed 47296K, reserved 1114112K
  class space    used 5682K, committed 5888K, reserved 1048576K
}
Event: 5.461 GC heap after
{Heap after GC invocations=16 (full 0):
 garbage-first heap   total 289792K, used 98368K [0x00000000c0000000, 0x0000000100000000)
  region size 1024K, 8 young (8192K), 8 survivors (8192K)
 Metaspace       used 46881K, committed 47296K, reserved 1114112K
  class space    used 5682K, committed 5888K, reserved 1048576K
}
Event: 5.490 GC heap before
{Heap before GC invocations=16 (full 0):
 garbage-first heap   total 289792K, used 213056K [0x00000000c0000000, 0x0000000100000000)
  region size 1024K, 121 young (123904K), 8 survivors (8192K)
 Metaspace       used 47092K, committed 47488K, reserved 1114112K
  class space    used 5696K, committed 5888K, reserved 1048576K
}
Event: 5.494 GC heap after
{Heap after GC invocations=17 (full 0):
 garbage-first heap   total 442368K, used 102949K [0x00000000c0000000, 0x0000000100000000)
  region size 1024K, 13 young (13312K), 13 survivors (13312K)
 Metaspace       used 47092K, committed 47488K, reserved 1114112K
  class space    used 5696K, committed 5888K, reserved 1048576K
}
Event: 5.556 GC heap before
{Heap before GC invocations=17 (full 0):
 garbage-first heap   total 442368K, used 330277K [0x00000000c0000000, 0x0000000100000000)
  region size 1024K, 237 young (242688K), 13 survivors (13312K)
 Metaspace       used 47317K, committed 47744K, reserved 1114112K
  class space    used 5737K, committed 5952K, reserved 1048576K
}
Event: 5.562 GC heap after
{Heap after GC invocations=18 (full 0):
 garbage-first heap   total 442368K, used 112037K [0x00000000c0000000, 0x0000000100000000)
  region size 1024K, 22 young (22528K), 22 survivors (22528K)
 Metaspace       used 47317K, committed 47744K, reserved 1114112K
  class space    used 5737K, committed 5952K, reserved 1048576K
}
Event: 5.602 GC heap before
{Heap before GC invocations=18 (full 0):
 garbage-first heap   total 442368K, used 339365K [0x00000000c0000000, 0x0000000100000000)
  region size 1024K, 246 young (251904K), 22 survivors (22528K)
 Metaspace       used 47397K, committed 47808K, reserved 1114112K
  class space    used 5740K, committed 5952K, reserved 1048576K
}
Event: 5.610 GC heap after
{Heap after GC invocations=19 (full 0):
 garbage-first heap   total 442368K, used 122216K [0x00000000c0000000, 0x0000000100000000)
  region size 1024K, 24 young (24576K), 24 survivors (24576K)
 Metaspace       used 47397K, committed 47808K, reserved 1114112K
  class space    used 5740K, committed 5952K, reserved 1048576K
}
Event: 5.654 GC heap before
{Heap before GC invocations=19 (full 0):
 garbage-first heap   total 442368K, used 348520K [0x00000000c0000000, 0x0000000100000000)
  region size 1024K, 247 young (252928K), 24 survivors (24576K)
 Metaspace       used 47397K, committed 47808K, reserved 1114112K
  class space    used 5740K, committed 5952K, reserved 1048576K
}
Event: 5.661 GC heap after
{Heap after GC invocations=20 (full 0):
 garbage-first heap   total 442368K, used 130112K [0x00000000c0000000, 0x0000000100000000)
  region size 1024K, 19 young (19456K), 19 survivors (19456K)
 Metaspace       used 47397K, committed 47808K, reserved 1114112K
  class space    used 5740K, committed 5952K, reserved 1048576K
}
Event: 5.707 GC heap before
{Heap before GC invocations=20 (full 0):
 garbage-first heap   total 442368K, used 354368K [0x00000000c0000000, 0x0000000100000000)
  region size 1024K, 239 young (244736K), 19 survivors (19456K)
 Metaspace       used 47397K, committed 47808K, reserved 1114112K
  class space    used 5740K, committed 5952K, reserved 1048576K
}

