# JRE version: OpenJDK Runtime Environment Temurin-17.0.7+7 (17.0.7+7) (build 17.0.7+7)
# Java VM: OpenJDK 64-Bit Server VM Temurin-17.0.7+7 (17.0.7+7, mixed mode, emulated-client, tiered, compressed oops, compressed class ptrs, g1 gc, windows-amd64)
GC Precious Log:
 CPUs: 6 total, 6 available
 Memory: 32712M
 Large Page Support: Disabled
 NUMA Support: Disabled
 Compressed Oops: Enabled (32-bit)
 Heap Region Size: 1M
 Heap Min Capacity: 8M
 Heap Initial Capacity: 512M
 Heap Max Capacity: 1G
 Pre-touch: Disabled
 Parallel Workers: 6
 Concurrent Workers: 2
 Concurrent Refinement Workers: 6
 Periodic GC: Disabled
Heap:
 garbage-first heap   total 475136K, used 140815K [0x00000000c0000000, 0x0000000100000000)
  region size 1024K, 1 young (1024K), 0 survivors (0K)
 Metaspace       used 77064K, committed 77952K, reserved 1179648K
  class space    used 10139K, committed 10496K, reserved 1048576K
GC Heap History (20 events):
Event: 4229.548 GC heap before
{Heap before GC invocations=691 (full 386):
 garbage-first heap   total 475136K, used 140815K [0x00000000c0000000, 0x0000000100000000)
  region size 1024K, 1 young (1024K), 0 survivors (0K)
 Metaspace       used 77064K, committed 77952K, reserved 1179648K
  class space    used 10139K, committed 10496K, reserved 1048576K
}
Event: 4229.586 GC heap after
{Heap after GC invocations=692 (full 387):
 garbage-first heap   total 475136K, used 140815K [0x00000000c0000000, 0x0000000100000000)
  region size 1024K, 0 young (0K), 0 survivors (0K)
 Metaspace       used 77064K, committed 77952K, reserved 1179648K
  class space    used 10139K, committed 10496K, reserved 1048576K
}
Event: 4239.771 GC heap before
{Heap before GC invocations=692 (full 387):
 garbage-first heap   total 475136K, used 140815K [0x00000000c0000000, 0x0000000100000000)
  region size 1024K, 1 young (1024K), 0 survivors (0K)
 Metaspace       used 77064K, committed 77952K, reserved 1179648K
  class space    used 10139K, committed 10496K, reserved 1048576K
}
Event: 4239.810 GC heap after
{Heap after GC invocations=693 (full 388):
 garbage-first heap   total 475136K, used 140815K [0x00000000c0000000, 0x0000000100000000)
  region size 1024K, 0 young (0K), 0 survivors (0K)
 Metaspace       used 77064K, committed 77952K, reserved 1179648K
  class space    used 10139K, committed 10496K, reserved 1048576K
}
Event: 4249.995 GC heap before
{Heap before GC invocations=693 (full 388):
 garbage-first heap   total 475136K, used 140815K [0x00000000c0000000, 0x0000000100000000)
  region size 1024K, 1 young (1024K), 0 survivors (0K)
 Metaspace       used 77064K, committed 77952K, reserved 1179648K
  class space    used 10139K, committed 10496K, reserved 1048576K
}
Event: 4250.034 GC heap after
{Heap after GC invocations=694 (full 389):
 garbage-first heap   total 475136K, used 140815K [0x00000000c0000000, 0x0000000100000000)
  region size 1024K, 0 young (0K), 0 survivors (0K)
 Metaspace       used 77064K, committed 77952K, reserved 1179648K
  class space    used 10139K, committed 10496K, reserved 1048576K
}
Event: 4260.209 GC heap before
{Heap before GC invocations=694 (full 389):
 garbage-first heap   total 475136K, used 140815K [0x00000000c0000000, 0x0000000100000000)
  region size 1024K, 1 young (1024K), 0 survivors (0K)
 Metaspace       used 77064K, committed 77952K, reserved 1179648K
  class space    used 10139K, committed 10496K, reserved 1048576K
}
Event: 4260.247 GC heap after
{Heap after GC invocations=695 (full 390):
 garbage-first heap   total 475136K, used 140815K [0x00000000c0000000, 0x0000000100000000)
  region size 1024K, 0 young (0K), 0 survivors (0K)
 Metaspace       used 77064K, committed 77952K, reserved 1179648K
  class space    used 10139K, committed 10496K, reserved 1048576K
}
Event: 4270.413 GC heap before
{Heap before GC invocations=695 (full 390):
 garbage-first heap   total 475136K, used 140815K [0x00000000c0000000, 0x0000000100000000)
  region size 1024K, 1 young (1024K), 0 survivors (0K)
 Metaspace       used 77064K, committed 77952K, reserved 1179648K
  class space    used 10139K, committed 10496K, reserved 1048576K
}
Event: 4270.451 GC heap after
{Heap after GC invocations=696 (full 391):
 garbage-first heap   total 475136K, used 140815K [0x00000000c0000000, 0x0000000100000000)
  region size 1024K, 0 young (0K), 0 survivors (0K)
 Metaspace       used 77064K, committed 77952K, reserved 1179648K
  class space    used 10139K, committed 10496K, reserved 1048576K
}
Event: 4280.629 GC heap before
{Heap before GC invocations=696 (full 391):
 garbage-first heap   total 475136K, used 140815K [0x00000000c0000000, 0x0000000100000000)
  region size 1024K, 1 young (1024K), 0 survivors (0K)
 Metaspace       used 77064K, committed 77952K, reserved 1179648K
  class space    used 10139K, committed 10496K, reserved 1048576K
}
Event: 4280.666 GC heap after
{Heap after GC invocations=697 (full 392):
 garbage-first heap   total 475136K, used 140815K [0x00000000c0000000, 0x0000000100000000)
  region size 1024K, 0 young (0K), 0 survivors (0K)
 Metaspace       used 77064K, committed 77952K, reserved 1179648K
  class space    used 10139K, committed 10496K, reserved 1048576K
}
Event: 4290.847 GC heap before
{Heap before GC invocations=697 (full 392):
 garbage-first heap   total 475136K, used 140815K [0x00000000c0000000, 0x0000000100000000)
  region size 1024K, 1 young (1024K), 0 survivors (0K)
 Metaspace       used 77064K, committed 77952K, reserved 1179648K
  class space    used 10139K, committed 10496K, reserved 1048576K
}
Event: 4290.886 GC heap after
{Heap after GC invocations=698 (full 393):
 garbage-first heap   total 475136K, used 140815K [0x00000000c0000000, 0x0000000100000000)
  region size 1024K, 0 young (0K), 0 survivors (0K)
 Metaspace       used 77064K, committed 77952K, reserved 1179648K
  class space    used 10139K, committed 10496K, reserved 1048576K
}
Event: 4301.077 GC heap before
{Heap before GC invocations=698 (full 393):
 garbage-first heap   total 475136K, used 140815K [0x00000000c0000000, 0x0000000100000000)
  region size 1024K, 1 young (1024K), 0 survivors (0K)
 Metaspace       used 77064K, committed 77952K, reserved 1179648K
  class space    used 10139K, committed 10496K, reserved 1048576K
}
Event: 4301.114 GC heap after
{Heap after GC invocations=699 (full 394):
 garbage-first heap   total 475136K, used 140815K [0x00000000c0000000, 0x0000000100000000)
  region size 1024K, 0 young (0K), 0 survivors (0K)
 Metaspace       used 77064K, committed 77952K, reserved 1179648K
  class space    used 10139K, committed 10496K, reserved 1048576K
}
Event: 4311.290 GC heap before
{Heap before GC invocations=699 (full 394):
 garbage-first heap   total 475136K, used 140815K [0x00000000c0000000, 0x0000000100000000)
  region size 1024K, 1 young (1024K), 0 survivors (0K)
 Metaspace       used 77064K, committed 77952K, reserved 1179648K
  class space    used 10139K, committed 10496K, reserved 1048576K
}
Event: 4311.328 GC heap after
{Heap after GC invocations=700 (full 395):
 garbage-first heap   total 475136K, used 140815K [0x00000000c0000000, 0x0000000100000000)
  region size 1024K, 0 young (0K), 0 survivors (0K)
 Metaspace       used 77064K, committed 77952K, reserved 1179648K
  class space    used 10139K, committed 10496K, reserved 1048576K
}
Event: 4321.487 GC heap before
{Heap before GC invocations=700 (full 395):
 garbage-first heap   total 475136K, used 140815K [0x00000000c0000000, 0x0000000100000000)
  region size 1024K, 1 young (1024K), 0 survivors (0K)
 Metaspace       used 77064K, committed 77952K, reserved 1179648K
  class space    used 10139K, committed 10496K, reserved 1048576K
}
Event: 4321.526 GC heap after
{Heap after GC invocations=701 (full 396):
 garbage-first heap   total 475136K, used 140815K [0x00000000c0000000, 0x0000000100000000)
  region size 1024K, 0 young (0K), 0 survivors (0K)
 Metaspace       used 77064K, committed 77952K, reserved 1179648K
  class space    used 10139K, committed 10496K, reserved 1048576K
}

