# JRE version: OpenJDK Runtime Environment Temurin-17.0.7+7 (17.0.7+7) (build 17.0.7+7)
# Java VM: OpenJDK 64-Bit Server VM Temurin-17.0.7+7 (17.0.7+7, mixed mode, emulated-client, tiered, compressed oops, compressed class ptrs, g1 gc, windows-amd64)
GC Precious Log:
 CPUs: 6 total, 6 available
 Memory: 32712M
 Large Page Support: Disabled
 NUMA Support: Disabled
 Compressed Oops: Enabled (32-bit)
 Heap Region Size: 1M
 Heap Min Capacity: 8M
 Heap Initial Capacity: 512M
 Heap Max Capacity: 1G
 Pre-touch: Disabled
 Parallel Workers: 6
 Concurrent Workers: 2
 Concurrent Refinement Workers: 6
 Periodic GC: Disabled
Heap:
 garbage-first heap   total 382976K, used 187027K [0x00000000c0000000, 0x0000000100000000)
  region size 1024K, 16 young (16384K), 16 survivors (16384K)
 Metaspace       used 77587K, committed 78080K, reserved 1179648K
  class space    used 10215K, committed 10432K, reserved 1048576K
GC Heap History (20 events):
Event: 274938.174 GC heap after
{Heap after GC invocations=28312 (full 26689):
 garbage-first heap   total 382976K, used 111972K [0x00000000c0000000, 0x0000000100000000)
  region size 1024K, 0 young (0K), 0 survivors (0K)
 Metaspace       used 77587K, committed 78080K, reserved 1179648K
  class space    used 10215K, committed 10432K, reserved 1048576K
}
Event: 274948.765 GC heap before
{Heap before GC invocations=28312 (full 26689):
 garbage-first heap   total 382976K, used 111972K [0x00000000c0000000, 0x0000000100000000)
  region size 1024K, 1 young (1024K), 0 survivors (0K)
 Metaspace       used 77587K, committed 78080K, reserved 1179648K
  class space    used 10215K, committed 10432K, reserved 1048576K
}
Event: 274948.808 GC heap after
{Heap after GC invocations=28313 (full 26690):
 garbage-first heap   total 382976K, used 111972K [0x00000000c0000000, 0x0000000100000000)
  region size 1024K, 0 young (0K), 0 survivors (0K)
 Metaspace       used 77587K, committed 78080K, reserved 1179648K
  class space    used 10215K, committed 10432K, reserved 1048576K
}
Event: 274955.682 GC heap before
{Heap before GC invocations=28313 (full 26690):
 garbage-first heap   total 382976K, used 115044K [0x00000000c0000000, 0x0000000100000000)
  region size 1024K, 4 young (4096K), 0 survivors (0K)
 Metaspace       used 77587K, committed 78080K, reserved 1179648K
  class space    used 10215K, committed 10432K, reserved 1048576K
}
Event: 274955.683 GC heap after
{Heap after GC invocations=28314 (full 26690):
 garbage-first heap   total 382976K, used 114020K [0x00000000c0000000, 0x0000000100000000)
  region size 1024K, 2 young (2048K), 2 survivors (2048K)
 Metaspace       used 77587K, committed 78080K, reserved 1179648K
  class space    used 10215K, committed 10432K, reserved 1048576K
}
Event: 274987.569 GC heap before
{Heap before GC invocations=28315 (full 26690):
 garbage-first heap   total 382976K, used 141668K [0x00000000c0000000, 0x0000000100000000)
  region size 1024K, 26 young (26624K), 2 survivors (2048K)
 Metaspace       used 77587K, committed 78080K, reserved 1179648K
  class space    used 10215K, committed 10432K, reserved 1048576K
}
Event: 274987.570 GC heap after
{Heap after GC invocations=28316 (full 26690):
 garbage-first heap   total 382976K, used 114401K [0x00000000c0000000, 0x0000000100000000)
  region size 1024K, 3 young (3072K), 3 survivors (3072K)
 Metaspace       used 77587K, committed 78080K, reserved 1179648K
  class space    used 10215K, committed 10432K, reserved 1048576K
}
Event: 274987.707 GC heap before
{Heap before GC invocations=28317 (full 26690):
 garbage-first heap   total 382976K, used 141538K [0x00000000c0000000, 0x0000000100000000)
  region size 1024K, 27 young (27648K), 3 survivors (3072K)
 Metaspace       used 77587K, committed 78080K, reserved 1179648K
  class space    used 10215K, committed 10432K, reserved 1048576K
}
Event: 274987.709 GC heap after
{Heap after GC invocations=28318 (full 26690):
 garbage-first heap   total 382976K, used 116364K [0x00000000c0000000, 0x0000000100000000)
  region size 1024K, 5 young (5120K), 5 survivors (5120K)
 Metaspace       used 77587K, committed 78080K, reserved 1179648K
  class space    used 10215K, committed 10432K, reserved 1048576K
}
Event: 274987.890 GC heap before
{Heap before GC invocations=28319 (full 26690):
 garbage-first heap   total 382976K, used 302732K [0x00000000c0000000, 0x0000000100000000)
  region size 1024K, 188 young (192512K), 5 survivors (5120K)
 Metaspace       used 77587K, committed 78080K, reserved 1179648K
  class space    used 10215K, committed 10432K, reserved 1048576K
}
Event: 274987.900 GC heap after
{Heap after GC invocations=28320 (full 26690):
 garbage-first heap   total 382976K, used 141877K [0x00000000c0000000, 0x0000000100000000)
  region size 1024K, 24 young (24576K), 24 survivors (24576K)
 Metaspace       used 77587K, committed 78080K, reserved 1179648K
  class space    used 10215K, committed 10432K, reserved 1048576K
}
Event: 274987.952 GC heap before
{Heap before GC invocations=28320 (full 26690):
 garbage-first heap   total 382976K, used 283189K [0x00000000c0000000, 0x0000000100000000)
  region size 1024K, 164 young (167936K), 24 survivors (24576K)
 Metaspace       used 77587K, committed 78080K, reserved 1179648K
  class space    used 10215K, committed 10432K, reserved 1048576K
}
Event: 274987.959 GC heap after
{Heap after GC invocations=28321 (full 26690):
 garbage-first heap   total 382976K, used 142242K [0x00000000c0000000, 0x0000000100000000)
  region size 1024K, 6 young (6144K), 6 survivors (6144K)
 Metaspace       used 77587K, committed 78080K, reserved 1179648K
  class space    used 10215K, committed 10432K, reserved 1048576K
}
Event: 274988.084 GC heap before
{Heap before GC invocations=28322 (full 26690):
 garbage-first heap   total 382976K, used 307106K [0x00000000c0000000, 0x0000000100000000)
  region size 1024K, 165 young (168960K), 6 survivors (6144K)
 Metaspace       used 77587K, committed 78080K, reserved 1179648K
  class space    used 10215K, committed 10432K, reserved 1048576K
}
Event: 274988.097 GC heap after
{Heap after GC invocations=28323 (full 26690):
 garbage-first heap   total 382976K, used 170811K [0x00000000c0000000, 0x0000000100000000)
  region size 1024K, 21 young (21504K), 21 survivors (21504K)
 Metaspace       used 77587K, committed 78080K, reserved 1179648K
  class space    used 10215K, committed 10432K, reserved 1048576K
}
Event: 274988.098 GC heap before
{Heap before GC invocations=28323 (full 26690):
 garbage-first heap   total 382976K, used 172859K [0x00000000c0000000, 0x0000000100000000)
  region size 1024K, 25 young (25600K), 21 survivors (21504K)
 Metaspace       used 77587K, committed 78080K, reserved 1179648K
  class space    used 10215K, committed 10432K, reserved 1048576K
}
Event: 274988.105 GC heap after
{Heap after GC invocations=28324 (full 26690):
 garbage-first heap   total 382976K, used 173715K [0x00000000c0000000, 0x0000000100000000)
  region size 1024K, 3 young (3072K), 3 survivors (3072K)
 Metaspace       used 77587K, committed 78080K, reserved 1179648K
  class space    used 10215K, committed 10432K, reserved 1048576K
}
Event: 274988.125 GC heap before
{Heap before GC invocations=28324 (full 26690):
 garbage-first heap   total 382976K, used 302739K [0x00000000c0000000, 0x0000000100000000)
  region size 1024K, 130 young (133120K), 3 survivors (3072K)
 Metaspace       used 77587K, committed 78080K, reserved 1179648K
  class space    used 10215K, committed 10432K, reserved 1048576K
}
Event: 274988.129 GC heap after
{Heap after GC invocations=28325 (full 26690):
 garbage-first heap   total 382976K, used 178993K [0x00000000c0000000, 0x0000000100000000)
  region size 1024K, 9 young (9216K), 9 survivors (9216K)
 Metaspace       used 77587K, committed 78080K, reserved 1179648K
  class space    used 10215K, committed 10432K, reserved 1048576K
}
Event: 274988.148 GC heap before
{Heap before GC invocations=28325 (full 26690):
 garbage-first heap   total 382976K, used 305969K [0x00000000c0000000, 0x0000000100000000)
  region size 1024K, 134 young (137216K), 9 survivors (9216K)
 Metaspace       used 77587K, committed 78080K, reserved 1179648K
  class space    used 10215K, committed 10432K, reserved 1048576K
}

