# JRE version: OpenJDK Runtime Environment Temurin-17.0.7+7 (17.0.7+7) (build 17.0.7+7)
# Java VM: OpenJDK 64-Bit Server VM Temurin-17.0.7+7 (17.0.7+7, mixed mode, emulated-client, tiered, compressed oops, compressed class ptrs, g1 gc, windows-amd64)
GC Precious Log:
 CPUs: 6 total, 6 available
 Memory: 32712M
 Large Page Support: Disabled
 NUMA Support: Disabled
 Compressed Oops: Enabled (32-bit)
 Heap Region Size: 1M
 Heap Min Capacity: 8M
 Heap Initial Capacity: 512M
 Heap Max Capacity: 1G
 Pre-touch: Disabled
 Parallel Workers: 6
 Concurrent Workers: 2
 Concurrent Refinement Workers: 6
 Periodic GC: Disabled
Heap:
 garbage-first heap   total 202752K, used 99488K [0x00000000c0000000, 0x0000000100000000)
  region size 1024K, 5 young (5120K), 5 survivors (5120K)
 Metaspace       used 45924K, committed 46400K, reserved 1114112K
  class space    used 5544K, committed 5760K, reserved 1048576K
GC Heap History (20 events):
Event: 13.568 GC heap after
{Heap after GC invocations=13 (full 0):
 garbage-first heap   total 292864K, used 34821K [0x00000000c0000000, 0x0000000100000000)
  region size 1024K, 3 young (3072K), 3 survivors (3072K)
 Metaspace       used 40597K, committed 40960K, reserved 1114112K
  class space    used 5104K, committed 5248K, reserved 1048576K
}
Event: 13.802 GC heap before
{Heap before GC invocations=14 (full 0):
 garbage-first heap   total 137216K, used 115717K [0x00000000c0000000, 0x0000000100000000)
  region size 1024K, 83 young (84992K), 3 survivors (3072K)
 Metaspace       used 40829K, committed 41280K, reserved 1114112K
  class space    used 5150K, committed 5376K, reserved 1048576K
}
Event: 13.810 GC heap after
{Heap after GC invocations=15 (full 0):
 garbage-first heap   total 138240K, used 52098K [0x00000000c0000000, 0x0000000100000000)
  region size 1024K, 20 young (20480K), 20 survivors (20480K)
 Metaspace       used 40829K, committed 41280K, reserved 1114112K
  class space    used 5150K, committed 5376K, reserved 1048576K
}
Event: 14.141 GC heap before
{Heap before GC invocations=15 (full 0):
 garbage-first heap   total 138240K, used 93058K [0x00000000c0000000, 0x0000000100000000)
  region size 1024K, 61 young (62464K), 20 survivors (20480K)
 Metaspace       used 43374K, committed 43840K, reserved 1114112K
  class space    used 5352K, committed 5568K, reserved 1048576K
}
Event: 14.152 GC heap after
{Heap after GC invocations=16 (full 0):
 garbage-first heap   total 138240K, used 60109K [0x00000000c0000000, 0x0000000100000000)
  region size 1024K, 8 young (8192K), 8 survivors (8192K)
 Metaspace       used 43374K, committed 43840K, reserved 1114112K
  class space    used 5352K, committed 5568K, reserved 1048576K
}
Event: 14.357 GC heap before
{Heap before GC invocations=16 (full 0):
 garbage-first heap   total 138240K, used 103117K [0x00000000c0000000, 0x0000000100000000)
  region size 1024K, 45 young (46080K), 8 survivors (8192K)
 Metaspace       used 44886K, committed 45312K, reserved 1114112K
  class space    used 5447K, committed 5632K, reserved 1048576K
}
Event: 14.368 GC heap after
{Heap after GC invocations=17 (full 0):
 garbage-first heap   total 138240K, used 79879K [0x00000000c0000000, 0x0000000100000000)
  region size 1024K, 6 young (6144K), 6 survivors (6144K)
 Metaspace       used 44886K, committed 45312K, reserved 1114112K
  class space    used 5447K, committed 5632K, reserved 1048576K
}
Event: 14.372 GC heap before
{Heap before GC invocations=17 (full 0):
 garbage-first heap   total 138240K, used 81927K [0x00000000c0000000, 0x0000000100000000)
  region size 1024K, 9 young (9216K), 6 survivors (6144K)
 Metaspace       used 44919K, committed 45376K, reserved 1114112K
  class space    used 5450K, committed 5632K, reserved 1048576K
}
Event: 14.375 GC heap after
{Heap after GC invocations=18 (full 0):
 garbage-first heap   total 138240K, used 82718K [0x00000000c0000000, 0x0000000100000000)
  region size 1024K, 2 young (2048K), 2 survivors (2048K)
 Metaspace       used 44919K, committed 45376K, reserved 1114112K
  class space    used 5450K, committed 5632K, reserved 1048576K
}
Event: 14.421 GC heap before
{Heap before GC invocations=18 (full 0):
 garbage-first heap   total 167936K, used 101150K [0x00000000c0000000, 0x0000000100000000)
  region size 1024K, 21 young (21504K), 2 survivors (2048K)
 Metaspace       used 45559K, committed 46080K, reserved 1114112K
  class space    used 5510K, committed 5760K, reserved 1048576K
}
Event: 14.435 GC heap after
{Heap after GC invocations=19 (full 0):
 garbage-first heap   total 202752K, used 90629K [0x00000000c0000000, 0x0000000100000000)
  region size 1024K, 3 young (3072K), 3 survivors (3072K)
 Metaspace       used 45559K, committed 46080K, reserved 1114112K
  class space    used 5510K, committed 5760K, reserved 1048576K
}
Event: 14.464 GC heap before
{Heap before GC invocations=20 (full 0):
 garbage-first heap   total 202752K, used 133637K [0x00000000c0000000, 0x0000000100000000)
  region size 1024K, 46 young (47104K), 3 survivors (3072K)
 Metaspace       used 45641K, committed 46144K, reserved 1114112K
  class space    used 5523K, committed 5760K, reserved 1048576K
}
Event: 14.467 GC heap after
{Heap after GC invocations=21 (full 0):
 garbage-first heap   total 202752K, used 93099K [0x00000000c0000000, 0x0000000100000000)
  region size 1024K, 6 young (6144K), 6 survivors (6144K)
 Metaspace       used 45641K, committed 46144K, reserved 1114112K
  class space    used 5523K, committed 5760K, reserved 1048576K
}
Event: 14.469 GC heap before
{Heap before GC invocations=21 (full 0):
 garbage-first heap   total 202752K, used 95147K [0x00000000c0000000, 0x0000000100000000)
  region size 1024K, 9 young (9216K), 6 survivors (6144K)
 Metaspace       used 45659K, committed 46144K, reserved 1114112K
  class space    used 5524K, committed 5760K, reserved 1048576K
}
Event: 14.471 GC heap after
{Heap after GC invocations=22 (full 0):
 garbage-first heap   total 202752K, used 93456K [0x00000000c0000000, 0x0000000100000000)
  region size 1024K, 1 young (1024K), 1 survivors (1024K)
 Metaspace       used 45659K, committed 46144K, reserved 1114112K
  class space    used 5524K, committed 5760K, reserved 1048576K
}
Event: 14.481 GC heap before
{Heap before GC invocations=22 (full 0):
 garbage-first heap   total 202752K, used 140560K [0x00000000c0000000, 0x0000000100000000)
  region size 1024K, 48 young (49152K), 1 survivors (1024K)
 Metaspace       used 45676K, committed 46144K, reserved 1114112K
  class space    used 5527K, committed 5760K, reserved 1048576K
}
Event: 14.483 GC heap after
{Heap after GC invocations=23 (full 0):
 garbage-first heap   total 202752K, used 95006K [0x00000000c0000000, 0x0000000100000000)
  region size 1024K, 3 young (3072K), 3 survivors (3072K)
 Metaspace       used 45676K, committed 46144K, reserved 1114112K
  class space    used 5527K, committed 5760K, reserved 1048576K
}
Event: 14.499 GC heap before
{Heap before GC invocations=23 (full 0):
 garbage-first heap   total 202752K, used 145182K [0x00000000c0000000, 0x0000000100000000)
  region size 1024K, 53 young (54272K), 3 survivors (3072K)
 Metaspace       used 45924K, committed 46400K, reserved 1114112K
  class space    used 5544K, committed 5760K, reserved 1048576K
}
Event: 14.502 GC heap after
{Heap after GC invocations=24 (full 0):
 garbage-first heap   total 202752K, used 97282K [0x00000000c0000000, 0x0000000100000000)
  region size 1024K, 5 young (5120K), 5 survivors (5120K)
 Metaspace       used 45924K, committed 46400K, reserved 1114112K
  class space    used 5544K, committed 5760K, reserved 1048576K
}
Event: 14.516 GC heap before
{Heap before GC invocations=24 (full 0):
 garbage-first heap   total 202752K, used 149506K [0x00000000c0000000, 0x0000000100000000)
  region size 1024K, 57 young (58368K), 5 survivors (5120K)
 Metaspace       used 45924K, committed 46400K, reserved 1114112K
  class space    used 5544K, committed 5760K, reserved 1048576K
}

